[0mPOST /auth/register [33m404[0m 19.873 ms - 153[0m
[0mPOST /auth/register [33m404[0m 17.160 ms - 153[0m
[0mPOST /auth/register [31m500[0m 102.164 ms - 32[0m
[0mPOST /auth/register [31m500[0m 94.811 ms - 381[0m
[0mPOST /auth/register [32m200[0m 306.908 ms - 25[0m
[0mPOST /auth/login [33m404[0m 217.991 ms - 29[0m
[0mPOST /auth/register [31m500[0m 296.551 ms - 334[0m
[0mPOST /auth/register [31m500[0m 321.636 ms - 334[0m
[0mPOST /auth/register [32m200[0m 553.528 ms - 25[0m
[0mPOST /auth/login [32m200[0m 436.749 ms - 188[0m
[0mPOST /auth/logout [32m200[0m 1575.833 ms - 25[0m
[0mGET /posts/postNumber=3 [33m404[0m 4.089 ms - 157[0m
[0mGET /posts/postNumber=3 [32m200[0m 9.897 ms - 39[0m
[0mGET /posts/?postNumber=3 [33m404[0m 1.991 ms - 145[0m
[0mPOST /auth/register [31m500[0m 284.731 ms - 334[0m
[0mPOST /auth/register [31m500[0m 275.768 ms - 334[0m
[0mPOST /auth/register [33m400[0m 294.792 ms - 34[0m
[0mPOST /auth/login [32m200[0m 289.574 ms - 188[0m
[0mPOST /post/create [33m404[0m 1.940 ms - 151[0m
[0mPOST /posts/create [32m201[0m 618.805 ms - 42[0m
[0mPOST /posts/create [33m401[0m 393.051 ms - 305[0m
[0mPOST /auth/login [33m400[0m 10.942 ms - 48[0m
[0mPOST /auth/login [33m400[0m 2.237 ms - 48[0m
[0mPOST /auth/login [33m400[0m 0.981 ms - 48[0m
[0mPOST /auth/login [33m400[0m 0.799 ms - 48[0m
[0mPOST /auth/login [33m400[0m 8.729 ms - 48[0m
[0mPOST /auth/login [33m404[0m 557.664 ms - 29[0m
[0mPOST /auth/login [33m404[0m 167.233 ms - 29[0m
[0mGET / [32m200[0m 12.837 ms - 32[0m
[0mGET /auth/login [33m404[0m 11.357 ms - 149[0m
[0mPOST /auth/login [33m404[0m 297.176 ms - 29[0m
[0mPOST /auth/register [31m500[0m 976.944 ms - 334[0m
[0mPOST /auth/register [31m500[0m 474.826 ms - 334[0m
[0mPOST /auth/login [33m400[0m 3.828 ms - 1108[0m
[0mPOST /auth/login [33m404[0m 162.973 ms - 29[0m
[0mPOST /auth/register [31m500[0m 447.187 ms - 334[0m
[0mPOST /auth/register [32m200[0m 407.866 ms - 25[0m
[0mPOST /auth/login [33m400[0m 3.456 ms - 1108[0m
[0mPOST /auth/login [32m200[0m 241.860 ms - 188[0m
[0mPOST /posts/create [33m401[0m 171.515 ms - 26[0m
[0mPOST /posts/create [33m401[0m 145.626 ms - 26[0m
[0mPOST /auth/login [33m404[0m 146.278 ms - 29[0m
[0mPOST /auth/login [32m200[0m 241.014 ms - 188[0m
[0mPOST /posts/create [33m401[0m 180.378 ms - 26[0m
[0mOPTIONS /auth/login [32m204[0m 3.103 ms - 0[0m
[0mPOST /auth/login [33m404[0m 177.405 ms - 29[0m
[0mOPTIONS /auth/login [32m204[0m 0.504 ms - 0[0m
[0mPOST /auth/login [32m200[0m 258.959 ms - 188[0m
[0mOPTIONS /posts/create [32m204[0m 0.477 ms - 0[0m
[0mPOST /posts/create [33m401[0m 184.510 ms - 359[0m
[0mOPTIONS /auth/login [32m204[0m 0.327 ms - 0[0m
[0mPOST /auth/login [33m404[0m 166.639 ms - 29[0m
[0mOPTIONS /auth/login [32m204[0m 0.349 ms - 0[0m
[0mPOST /auth/login [32m200[0m 249.173 ms - 188[0m
[0mOPTIONS /posts/create [32m204[0m 0.583 ms - 0[0m
[0mPOST /posts/create [33m401[0m 164.122 ms - 359[0m
[0mOPTIONS /posts/create [32m204[0m 0.405 ms - 0[0m
[0mPOST /posts/create [33m401[0m 162.860 ms - 359[0m
[0mOPTIONS /posts/create [32m204[0m 0.310 ms - 0[0m
[0mPOST /posts/create [33m401[0m 162.016 ms - 359[0m
[0mOPTIONS /posts/create [32m204[0m 0.277 ms - 0[0m
[0mPOST /posts/create [33m401[0m 323.860 ms - 305[0m
[0mOPTIONS /posts/create [32m204[0m 1.693 ms - 0[0m
[0mPOST /posts/create [33m401[0m 390.053 ms - 305[0m
[0mOPTIONS /posts [32m204[0m 0.685 ms - 0[0m
[0mGET /posts [33m404[0m 2.509 ms - 144[0m
[0mOPTIONS /posts/1 [32m204[0m 0.342 ms - 0[0m
[0mGET /posts/1 [32m200[0m 184.301 ms - 161[0m
[0mOPTIONS /posts/create [32m204[0m 0.173 ms - 0[0m
[0mPOST /posts/create [33m401[0m 508.162 ms - 305[0m
[0mOPTIONS /auth/register [32m204[0m 2.178 ms - 0[0m
[0mPOST /auth/register [31m500[0m 291.796 ms - 367[0m
[0mOPTIONS /auth/register [32m204[0m 0.737 ms - 0[0m
[0mPOST /auth/register [31m500[0m 406.231 ms - 334[0m
[0mOPTIONS /auth/register [32m204[0m 2.659 ms - 0[0m
[0mPOST /auth/register [32m200[0m 449.085 ms - 61[0m
[0mOPTIONS /auth/login [32m204[0m 0.430 ms - 0[0m
[0mPOST /auth/login [32m200[0m 273.819 ms - 188[0m
[0mOPTIONS /posts/create [32m204[0m 0.185 ms - 0[0m
[0mPOST /posts/create [32m201[0m 561.958 ms - 42[0m
[0mOPTIONS /posts/create [32m204[0m 0.313 ms - 0[0m
[0mPOST /posts/create [33m401[0m 405.350 ms - 305[0m
[0mOPTIONS /auth/register [32m204[0m 3.193 ms - 0[0m
[0mPOST /auth/register [32m200[0m 473.342 ms - 61[0m
[0mOPTIONS /auth/login [32m204[0m 0.667 ms - 0[0m
[0mPOST /auth/login [32m200[0m 268.566 ms - 188[0m
[0mOPTIONS /posts/create [32m204[0m 0.189 ms - 0[0m
[0mOPTIONS /posts/create [32m204[0m 0.207 ms - 0[0m
[0mPOST /posts/create [32m201[0m 570.156 ms - 42[0m
[0mPOST /posts/create [33m401[0m 11294.182 ms - 305[0m
[0mOPTIONS /auth/register [32m204[0m 2.916 ms - 0[0m
[0mPOST /auth/register [32m200[0m 4609.126 ms - 61[0m
[0mOPTIONS /auth/login [32m204[0m 0.732 ms - 0[0m
[0mPOST /auth/login [32m200[0m 279.651 ms - 188[0m
[0mOPTIONS /posts/create [32m204[0m 0.183 ms - 0[0m
[0mPOST /posts/create [32m201[0m 541.892 ms - 42[0m
[0mOPTIONS /posts/create [32m204[0m 0.200 ms - 0[0m
[0mPOST /posts/create [33m401[0m 401.901 ms - 305[0m
[0mOPTIONS /posts/create [32m204[0m 3.091 ms - 0[0m
[0mPOST /posts/create [0m-[0m - ms - -[0m
[0mOPTIONS /posts/create [32m204[0m 0.686 ms - 0[0m
[0mPOST /posts/create [32m201[0m 1555.401 ms - 75[0m
[0mOPTIONS /posts/create [32m204[0m 0.198 ms - 0[0m
[0mPOST /posts/create [32m201[0m 7417.389 ms - 75[0m
[0mOPTIONS /posts/tDlAPWJJHjcjwyNE2RaB1 [32m204[0m 0.423 ms - 0[0m
[0mGET /posts/tDlAPWJJHjcjwyNE2RaB1 [32m200[0m 649.817 ms - 720[0m
[0mOPTIONS /posts/1 [32m204[0m 0.376 ms - 0[0m
[0mGET /posts/1 [32m200[0m 2884.592 ms - 720[0m
[0mOPTIONS /posts/1 [32m204[0m 2.907 ms - 0[0m
[0mGET /posts/1 [0m-[0m - ms - -[0m
[0mOPTIONS /posts/1 [32m204[0m 0.379 ms - 0[0m
[0mGET /posts/1 [31m500[0m 10003.870 ms - 14[0m
[0mOPTIONS /auth/register [32m204[0m 2.591 ms - 0[0m
[0mPOST /auth/register [32m200[0m 428.167 ms - 61[0m
[0mOPTIONS /auth/register [32m204[0m 0.650 ms - 0[0m
[0mPOST /auth/register [32m200[0m 402.766 ms - 61[0m
[0mOPTIONS /auth/login [32m204[0m 0.280 ms - 0[0m
[0mPOST /auth/login [32m200[0m 261.347 ms - 188[0m
[0mOPTIONS /posts/create [32m204[0m 0.208 ms - 0[0m
[0mPOST /posts/create [33m401[0m 341.925 ms - 376[0m
[0mOPTIONS /posts/create [32m204[0m 0.658 ms - 0[0m
[0mPOST /posts/create [33m401[0m 320.572 ms - 376[0m
[0mOPTIONS /posts/create [32m204[0m 2.412 ms - 0[0m
[0mPOST /posts/create [33m401[0m 369.408 ms - 376[0m
[0mOPTIONS /posts/create [32m204[0m 2.277 ms - 0[0m
[0mPOST /posts/create [33m401[0m 374.820 ms - 339[0m
[0mOPTIONS /posts/create [32m204[0m 0.797 ms - 0[0m
[0mPOST /posts/create [33m401[0m 326.308 ms - 339[0m
[0mOPTIONS /posts/create [32m204[0m 2.195 ms - 0[0m
[0mPOST /posts/create [33m401[0m 360.754 ms - 339[0m
[0mOPTIONS /posts/create [32m204[0m 2.567 ms - 0[0m
[0mPOST /posts/create [32m201[0m 1441.432 ms - 42[0m
[0mOPTIONS /posts/create [32m204[0m 0.900 ms - 0[0m
[0mPOST /posts/create [32m201[0m 506.488 ms - 42[0m
[0mOPTIONS /posts/1 [32m204[0m 0.311 ms - 0[0m
[0mGET /posts/1 [32m200[0m 177.777 ms - 1735[0m
[0mOPTIONS /posts/1 [32m204[0m 2.388 ms - 0[0m
[0mGET /posts/1 [36m304[0m 192.919 ms - -[0m
[0mOPTIONS /posts/delete/67b850c56a1e4faaffdb9219 [32m204[0m 0.771 ms - 0[0m
[0mDELETE /posts/delete/67b850c56a1e4faaffdb9219 [33m401[0m 363.508 ms - 28[0m
[0mOPTIONS /posts/1 [32m204[0m 2.980 ms - 0[0m
[0mGET /posts/1 [36m304[0m 197.791 ms - -[0m
[0mOPTIONS /posts/67b850c56a1e4faaffdb9219 [32m204[0m 0.891 ms - 0[0m
[0mGET /posts/67b850c56a1e4faaffdb9219 [32m200[0m 183.988 ms - 1735[0m
[0mOPTIONS /posts/67b850c56a1e4faaffdb9219 [32m204[0m 0.192 ms - 0[0m
[0mGET /posts/67b850c56a1e4faaffdb9219 [36m304[0m 2807.116 ms - -[0m
[0mOPTIONS /posts/67b850c56a1e4faaffdb9219 [32m204[0m 0.497 ms - 0[0m
[0mGET /posts/67b850c56a1e4faaffdb9219 [36m304[0m 184.621 ms - -[0m
[0mOPTIONS /auth/register [32m204[0m 2.102 ms - 0[0m
[0mPOST /auth/register [32m200[0m 4717.372 ms - 61[0m
[0mOPTIONS /auth/login [32m204[0m 0.296 ms - 0[0m
[0mPOST /auth/login [32m200[0m 5796.605 ms - 212[0m
[0mOPTIONS /posts/create [32m204[0m 0.213 ms - 0[0m
[0mPOST /posts/create [32m201[0m 1369.890 ms - 42[0m
[0mOPTIONS /posts/create [32m204[0m 0.180 ms - 0[0m
[0mPOST /posts/create [32m201[0m 10307.450 ms - 42[0m
[0mOPTIONS /posts/1 [32m204[0m 0.351 ms - 0[0m
[0mOPTIONS /posts/1 [32m204[0m 2.652 ms - 0[0m
[0mGET /posts/1 [31m500[0m 1232.020 ms - 34[0m
[0mOPTIONS /posts/1 [32m204[0m 2.202 ms - 0[0m
[0mGET /posts/1 [31m500[0m 605.658 ms - 34[0m
[0mOPTIONS /posts/1 [32m204[0m 2.538 ms - 0[0m
[0mGET /posts/1 [31m500[0m 619.920 ms - 34[0m
[0mOPTIONS /posts/1 [32m204[0m 2.704 ms - 0[0m
[0mGET /posts/1 [31m500[0m 482.366 ms - 34[0m
[0mOPTIONS /posts/1 [32m204[0m 2.019 ms - 0[0m
[0mGET /posts/1 [32m200[0m 904.626 ms - 387[0m
[0mOPTIONS /posts/1 [32m204[0m 1.901 ms - 0[0m
[0mGET /posts/1 [31m500[0m 172.664 ms - 34[0m
[0mOPTIONS /posts/1 [32m204[0m 2.981 ms - 0[0m
[0mGET /posts/1 [31m500[0m 170.889 ms - 34[0m
[0mOPTIONS /posts/1 [32m204[0m 2.573 ms - 0[0m
[0mGET /posts/1 [31m500[0m 220.199 ms - 34[0m
[0mOPTIONS /posts/1 [32m204[0m 2.389 ms - 0[0m
[0mGET /posts/1 [31m500[0m 178.156 ms - 34[0m
[0mOPTIONS /posts/1 [32m204[0m 1.709 ms - 0[0m
[0mGET /posts/1 [32m200[0m 368.860 ms - 359[0m
[0mOPTIONS /posts/1 [32m204[0m 2.534 ms - 0[0m
[0mGET /posts/1 [36m304[0m 185.707 ms - -[0m
[0mOPTIONS /posts/user/67b875bd3ec4403007c5c521 [32m204[0m 0.595 ms - 0[0m
[0mGET /posts/user/67b875bd3ec4403007c5c521 [32m200[0m 382.598 ms - 517[0m
[0mOPTIONS /posts/user/67b875bd3ec4403007c5c521 [32m204[0m 2.145 ms - 0[0m
[0mGET /posts/user/67b875bd3ec4403007c5c521 [36m304[0m 376.413 ms - -[0m
[0mOPTIONS /posts/user/67b875bd3ec4403007c5c521 [32m204[0m 1.646 ms - 0[0m
[0mGET /posts/user/67b875bd3ec4403007c5c521 [32m200[0m 378.933 ms - 245[0m
